[2025-11-08 10:38:44] === EXTRACTING MESSAGE FROM IMAGE ===
[2025-11-08 10:38:44] ERROR in extractMessageFromImage: Unsupported image type
[2025-11-08 10:41:05] === EXTRACTING MESSAGE FROM IMAGE ===
[2025-11-08 10:41:05] ERROR in extractMessageFromImage: Unsupported image type
[2025-11-11 09:55:16] === EXTRACTING MESSAGE FROM IMAGE (FIXED ALGORITHM) ===
[2025-11-11 09:55:16] Image dimensions: 250x375, Type: 2
[2025-11-11 09:55:16] Loaded as JPEG
[2025-11-11 09:55:16] Extracting header...
[2025-11-11 09:55:16] Header bits extracted: 32
[2025-11-11 09:55:16] Message length from header: 1917243099
[2025-11-11 09:55:16] No valid message found (invalid length: 1917243099)
[2025-11-11 09:59:32] === EXTRACTING MESSAGE FROM IMAGE (FIXED ALGORITHM) ===
[2025-11-11 09:59:32] Image dimensions: 250x375, Type: 2
[2025-11-11 09:59:32] Loaded as JPEG
[2025-11-11 09:59:32] Extracting header...
[2025-11-11 09:59:32] Header bits extracted: 32
[2025-11-11 09:59:32] Message length from header: 1917243099
[2025-11-11 09:59:32] No valid message found (invalid length: 1917243099)
[2025-11-11 12:11:43] === EXTRACTING MESSAGE FROM IMAGE (FIXED ALGORITHM) ===
[2025-11-11 12:11:43] Image dimensions: 250x375, Type: 2
[2025-11-11 12:11:43] Loaded as JPEG
[2025-11-11 12:11:43] Extracting header...
[2025-11-11 12:11:43] Header bits extracted: 32
[2025-11-11 12:11:43] Message length from header: 1917243099
[2025-11-11 12:11:43] No valid message found (invalid length: 1917243099)
[2025-11-11 12:47:27] === EXTRACTING MESSAGE FROM IMAGE (FIXED ALGORITHM) ===
[2025-11-11 12:47:27] Image dimensions: 250x375, Type: 2
[2025-11-11 12:47:27] Loaded as JPEG
[2025-11-11 12:47:27] Extracting header...
[2025-11-11 12:47:27] Header bits extracted: 32
[2025-11-11 12:47:27] Message length from header: 1917243099
[2025-11-11 12:47:27] No valid message found (invalid length: 1917243099)
[2025-11-11 13:31:59] === EXTRACTING MESSAGE FROM IMAGE (FIXED ALGORITHM) ===
[2025-11-11 13:31:59] Image dimensions: 250x375, Type: 2
[2025-11-11 13:31:59] Loaded as JPEG
[2025-11-11 13:31:59] Extracting header...
[2025-11-11 13:31:59] Header bits extracted: 32
[2025-11-11 13:31:59] Message length from header: 1917243079
[2025-11-11 13:31:59] No valid message found (invalid length: 1917243079)
[2025-11-11 13:32:16] === EXTRACTING MESSAGE FROM IMAGE (FIXED ALGORITHM) ===
[2025-11-11 13:32:16] Image dimensions: 250x375, Type: 2
[2025-11-11 13:32:16] Loaded as JPEG
[2025-11-11 13:32:16] Extracting header...
[2025-11-11 13:32:16] Header bits extracted: 32
[2025-11-11 13:32:16] Message length from header: 1917243079
[2025-11-11 13:32:16] No valid message found (invalid length: 1917243079)
[2025-11-11 13:32:33] === EXTRACTING MESSAGE FROM IMAGE (FIXED ALGORITHM) ===
[2025-11-11 13:32:33] Image dimensions: 250x375, Type: 2
[2025-11-11 13:32:33] Loaded as JPEG
[2025-11-11 13:32:33] Extracting header...
[2025-11-11 13:32:33] Header bits extracted: 32
[2025-11-11 13:32:33] Message length from header: 1917243079
[2025-11-11 13:32:33] No valid message found (invalid length: 1917243079)
[2025-11-11 13:33:01] === EXTRACTING MESSAGE FROM IMAGE (FIXED ALGORITHM) ===
[2025-11-11 13:33:01] Image dimensions: 250x375, Type: 2
[2025-11-11 13:33:01] Loaded as JPEG
[2025-11-11 13:33:01] Extracting header...
[2025-11-11 13:33:01] Header bits extracted: 32
[2025-11-11 13:33:01] Message length from header: 1917243079
[2025-11-11 13:33:01] No valid message found (invalid length: 1917243079)
[2025-11-11 13:33:12] === EXTRACTING MESSAGE FROM IMAGE (FIXED ALGORITHM) ===
[2025-11-11 13:33:12] Image dimensions: 250x375, Type: 2
[2025-11-11 13:33:12] Loaded as JPEG
[2025-11-11 13:33:12] Extracting header...
[2025-11-11 13:33:12] Header bits extracted: 32
[2025-11-11 13:33:12] Message length from header: 1917243079
[2025-11-11 13:33:12] No valid message found (invalid length: 1917243079)
[2025-11-11 13:33:56] === EXTRACTING MESSAGE FROM IMAGE (FIXED ALGORITHM) ===
[2025-11-11 13:33:56] Image dimensions: 250x375, Type: 2
[2025-11-11 13:33:56] Loaded as JPEG
[2025-11-11 13:33:56] Extracting header...
[2025-11-11 13:33:56] Header bits extracted: 32
[2025-11-11 13:33:56] Message length from header: 1917242936
[2025-11-11 13:33:56] No valid message found (invalid length: 1917242936)
[2025-11-11 14:16:33] === EXTRACTING MESSAGE FROM IMAGE (FIXED ALGORITHM) ===
[2025-11-11 14:16:33] Image dimensions: 250x375, Type: 2
[2025-11-11 14:16:33] Loaded as JPEG
[2025-11-11 14:16:33] Extracting header...
[2025-11-11 14:16:33] Header bits extracted: 32
[2025-11-11 14:16:33] Message length from header: 1917243079
[2025-11-11 14:16:33] No valid message found (invalid length: 1917243079)
[2025-11-11 14:18:44] === EXTRACTING MESSAGE FROM IMAGE (FIXED ALGORITHM) ===
[2025-11-11 14:18:44] Image dimensions: 1184x864, Type: 3
[2025-11-11 14:18:44] Loaded as PNG
[2025-11-11 14:18:44] Extracting header...
[2025-11-11 14:18:44] Header bits extracted: 32
[2025-11-11 14:18:44] Message length from header: 32
[2025-11-11 14:18:44] Extracting message data (256 bits needed)...
[2025-11-11 14:18:44] Message bits extracted: 256
[2025-11-11 14:18:44] Total bits processed: 288
[2025-11-11 14:18:44] Encrypted message length: 32 bytes
[2025-11-11 14:18:44] Attempting AES decryption...
[2025-11-11 14:18:44] ✓ Decryption successful
[2025-11-11 14:18:52] === EXTRACTING MESSAGE FROM IMAGE (FIXED ALGORITHM) ===
[2025-11-11 14:18:52] Image dimensions: 1184x864, Type: 3
[2025-11-11 14:18:53] Loaded as PNG
[2025-11-11 14:18:53] Extracting header...
[2025-11-11 14:18:53] Header bits extracted: 32
[2025-11-11 14:18:53] Message length from header: 32
[2025-11-11 14:18:53] Extracting message data (256 bits needed)...
[2025-11-11 14:18:53] Message bits extracted: 256
[2025-11-11 14:18:53] Total bits processed: 288
[2025-11-11 14:18:53] Encrypted message length: 32 bytes
[2025-11-11 14:18:53] Attempting AES decryption...
[2025-11-11 14:18:53] ✓ Decryption successful
[2025-11-11 14:18:53] === EXTRACTING MESSAGE FROM IMAGE (FIXED ALGORITHM) ===
[2025-11-11 14:18:53] Image dimensions: 1184x864, Type: 3
[2025-11-11 14:18:53] Loaded as PNG
[2025-11-11 14:18:53] Extracting header...
[2025-11-11 14:18:53] Header bits extracted: 32
[2025-11-11 14:18:53] Message length from header: 32
[2025-11-11 14:18:53] Extracting message data (256 bits needed)...
[2025-11-11 14:18:53] Message bits extracted: 256
[2025-11-11 14:18:53] Total bits processed: 288
[2025-11-11 14:18:53] Encrypted message length: 32 bytes
[2025-11-11 14:18:53] Attempting AES decryption...
[2025-11-11 14:18:53] ✓ Decryption successful
[2025-11-11 14:19:24] === EXTRACTING MESSAGE FROM IMAGE (FIXED ALGORITHM) ===
[2025-11-11 14:19:24] Image dimensions: 1184x864, Type: 3
[2025-11-11 14:19:24] Loaded as PNG
[2025-11-11 14:19:24] Extracting header...
[2025-11-11 14:19:24] Header bits extracted: 32
[2025-11-11 14:19:24] Message length from header: 32
[2025-11-11 14:19:24] Extracting message data (256 bits needed)...
[2025-11-11 14:19:24] Message bits extracted: 256
[2025-11-11 14:19:24] Total bits processed: 288
[2025-11-11 14:19:24] Encrypted message length: 32 bytes
[2025-11-11 14:19:24] Attempting AES decryption...
[2025-11-11 14:19:24] ✓ Decryption successful
[2025-11-11 14:25:33] === EXTRACTING MESSAGE FROM IMAGE (FIXED ALGORITHM) ===
[2025-11-11 14:25:33] Image dimensions: 1184x864, Type: 3
[2025-11-11 14:25:34] Loaded as PNG
[2025-11-11 14:25:34] Extracting header...
[2025-11-11 14:25:34] Header bits extracted: 32
[2025-11-11 14:25:34] Message length from header: 32
[2025-11-11 14:25:34] Extracting message data (256 bits needed)...
[2025-11-11 14:25:34] Message bits extracted: 256
[2025-11-11 14:25:34] Total bits processed: 288
[2025-11-11 14:25:34] Encrypted message length: 32 bytes
[2025-11-11 14:25:34] Attempting AES decryption...
[2025-11-11 14:25:34] ✓ Decryption successful
[2025-11-11 14:25:44] === EXTRACTING MESSAGE FROM IMAGE (FIXED ALGORITHM) ===
[2025-11-11 14:25:44] Image dimensions: 1184x864, Type: 3
[2025-11-11 14:25:44] Loaded as PNG
[2025-11-11 14:25:44] Extracting header...
[2025-11-11 14:25:44] Header bits extracted: 32
[2025-11-11 14:25:44] Message length from header: 32
[2025-11-11 14:25:44] Extracting message data (256 bits needed)...
[2025-11-11 14:25:44] Message bits extracted: 256
[2025-11-11 14:25:44] Total bits processed: 288
[2025-11-11 14:25:44] Encrypted message length: 32 bytes
[2025-11-11 14:25:44] Attempting AES decryption...
[2025-11-11 14:25:44] ✓ Decryption successful
[2025-11-11 14:25:47] === EXTRACTING MESSAGE FROM IMAGE (FIXED ALGORITHM) ===
[2025-11-11 14:25:47] Image dimensions: 1184x864, Type: 3
[2025-11-11 14:25:47] Loaded as PNG
[2025-11-11 14:25:47] Extracting header...
[2025-11-11 14:25:47] Header bits extracted: 32
[2025-11-11 14:25:47] Message length from header: 32
[2025-11-11 14:25:47] Extracting message data (256 bits needed)...
[2025-11-11 14:25:47] Message bits extracted: 256
[2025-11-11 14:25:47] Total bits processed: 288
[2025-11-11 14:25:47] Encrypted message length: 32 bytes
[2025-11-11 14:25:47] Attempting AES decryption...
[2025-11-11 14:25:47] ✓ Decryption successful
[2025-11-11 14:25:50] === EXTRACTING MESSAGE FROM IMAGE (FIXED ALGORITHM) ===
[2025-11-11 14:25:50] Image dimensions: 1184x864, Type: 3
[2025-11-11 14:25:50] Loaded as PNG
[2025-11-11 14:25:50] Extracting header...
[2025-11-11 14:25:50] Header bits extracted: 32
[2025-11-11 14:25:50] Message length from header: 32
[2025-11-11 14:25:50] Extracting message data (256 bits needed)...
[2025-11-11 14:25:50] Message bits extracted: 256
[2025-11-11 14:25:50] Total bits processed: 288
[2025-11-11 14:25:50] Encrypted message length: 32 bytes
[2025-11-11 14:25:50] Attempting AES decryption...
[2025-11-11 14:25:50] ✓ Decryption successful
[2025-11-11 14:26:01] === EXTRACTING MESSAGE FROM IMAGE (FIXED ALGORITHM) ===
[2025-11-11 14:26:01] Image dimensions: 1184x864, Type: 3
[2025-11-11 14:26:02] Loaded as PNG
[2025-11-11 14:26:02] Extracting header...
[2025-11-11 14:26:02] Header bits extracted: 32
[2025-11-11 14:26:02] Message length from header: 32
[2025-11-11 14:26:02] Extracting message data (256 bits needed)...
[2025-11-11 14:26:02] Message bits extracted: 256
[2025-11-11 14:26:02] Total bits processed: 288
[2025-11-11 14:26:02] Encrypted message length: 32 bytes
[2025-11-11 14:26:02] Attempting AES decryption...
[2025-11-11 14:26:02] ✓ Decryption successful
[2025-11-11 14:26:12] === EXTRACTING MESSAGE FROM IMAGE (FIXED ALGORITHM) ===
[2025-11-11 14:26:12] Image dimensions: 1184x864, Type: 3
[2025-11-11 14:26:12] Loaded as PNG
[2025-11-11 14:26:12] Extracting header...
[2025-11-11 14:26:12] Header bits extracted: 32
[2025-11-11 14:26:12] Message length from header: 32
[2025-11-11 14:26:12] Extracting message data (256 bits needed)...
[2025-11-11 14:26:12] Message bits extracted: 256
[2025-11-11 14:26:12] Total bits processed: 288
[2025-11-11 14:26:12] Encrypted message length: 32 bytes
[2025-11-11 14:26:12] Attempting AES decryption...
[2025-11-11 14:26:12] ✓ Decryption successful
[2025-11-11 14:26:49] === EXTRACTING MESSAGE FROM IMAGE (FIXED ALGORITHM) ===
[2025-11-11 14:26:49] Image dimensions: 1184x864, Type: 3
[2025-11-11 14:26:49] Loaded as PNG
[2025-11-11 14:26:49] Extracting header...
[2025-11-11 14:26:49] Header bits extracted: 32
[2025-11-11 14:26:49] Message length from header: 32
[2025-11-11 14:26:49] Extracting message data (256 bits needed)...
[2025-11-11 14:26:49] Message bits extracted: 256
[2025-11-11 14:26:49] Total bits processed: 288
[2025-11-11 14:26:49] Encrypted message length: 32 bytes
[2025-11-11 14:26:49] Attempting AES decryption...
[2025-11-11 14:26:49] ✓ Decryption successful
[2025-11-11 14:27:54] === EXTRACTING MESSAGE FROM IMAGE (FIXED ALGORITHM) ===
[2025-11-11 14:27:54] Image dimensions: 1752x1664, Type: 3
[2025-11-11 14:27:55] Loaded as PNG
[2025-11-11 14:27:55] Extracting header...
[2025-11-11 14:27:55] Header bits extracted: 32
[2025-11-11 14:27:55] Message length from header: 32
[2025-11-11 14:27:55] Extracting message data (256 bits needed)...
[2025-11-11 14:27:55] Message bits extracted: 256
[2025-11-11 14:27:55] Total bits processed: 288
[2025-11-11 14:27:55] Encrypted message length: 32 bytes
[2025-11-11 14:27:55] Attempting AES decryption...
[2025-11-11 14:27:55] ✓ Decryption successful
[2025-11-11 14:28:05] === EXTRACTING MESSAGE FROM IMAGE (FIXED ALGORITHM) ===
[2025-11-11 14:28:05] Image dimensions: 1752x1664, Type: 3
[2025-11-11 14:28:05] Loaded as PNG
[2025-11-11 14:28:05] Extracting header...
[2025-11-11 14:28:05] Header bits extracted: 32
[2025-11-11 14:28:05] Message length from header: 32
[2025-11-11 14:28:05] Extracting message data (256 bits needed)...
[2025-11-11 14:28:05] Message bits extracted: 256
[2025-11-11 14:28:05] Total bits processed: 288
[2025-11-11 14:28:05] Encrypted message length: 32 bytes
[2025-11-11 14:28:05] Attempting AES decryption...
[2025-11-11 14:28:05] ✓ Decryption successful
[2025-11-11 14:28:26] === EXTRACTING MESSAGE FROM IMAGE (FIXED ALGORITHM) ===
[2025-11-11 14:28:26] Image dimensions: 1752x1664, Type: 3
[2025-11-11 14:28:26] Loaded as PNG
[2025-11-11 14:28:26] Extracting header...
[2025-11-11 14:28:26] Header bits extracted: 32
[2025-11-11 14:28:26] Message length from header: 32
[2025-11-11 14:28:26] Extracting message data (256 bits needed)...
[2025-11-11 14:28:26] Message bits extracted: 256
[2025-11-11 14:28:26] Total bits processed: 288
[2025-11-11 14:28:26] Encrypted message length: 32 bytes
[2025-11-11 14:28:26] Attempting AES decryption...
[2025-11-11 14:28:26] ✓ Decryption successful
[2025-11-11 14:28:41] === EXTRACTING MESSAGE FROM IMAGE (FIXED ALGORITHM) ===
[2025-11-11 14:28:41] Image dimensions: 1752x1664, Type: 3
[2025-11-11 14:28:41] Loaded as PNG
[2025-11-11 14:28:41] Extracting header...
[2025-11-11 14:28:41] Header bits extracted: 32
[2025-11-11 14:28:41] Message length from header: 32
[2025-11-11 14:28:41] Extracting message data (256 bits needed)...
[2025-11-11 14:28:41] Message bits extracted: 256
[2025-11-11 14:28:41] Total bits processed: 288
[2025-11-11 14:28:41] Encrypted message length: 32 bytes
[2025-11-11 14:28:41] Attempting AES decryption...
[2025-11-11 14:28:41] ✓ Decryption successful
[2025-11-11 14:28:44] === EXTRACTING MESSAGE FROM IMAGE (FIXED ALGORITHM) ===
[2025-11-11 14:28:44] Image dimensions: 1752x1664, Type: 3
[2025-11-11 14:28:44] Loaded as PNG
[2025-11-11 14:28:44] Extracting header...
[2025-11-11 14:28:44] Header bits extracted: 32
[2025-11-11 14:28:44] Message length from header: 32
[2025-11-11 14:28:44] Extracting message data (256 bits needed)...
[2025-11-11 14:28:44] Message bits extracted: 256
[2025-11-11 14:28:44] Total bits processed: 288
[2025-11-11 14:28:44] Encrypted message length: 32 bytes
[2025-11-11 14:28:44] Attempting AES decryption...
[2025-11-11 14:28:44] ✓ Decryption successful
[2025-11-11 14:28:52] === EXTRACTING MESSAGE FROM IMAGE (FIXED ALGORITHM) ===
[2025-11-11 14:28:52] Image dimensions: 1752x1664, Type: 3
[2025-11-11 14:28:53] Loaded as PNG
[2025-11-11 14:28:53] Extracting header...
[2025-11-11 14:28:53] Header bits extracted: 32
[2025-11-11 14:28:53] Message length from header: 32
[2025-11-11 14:28:53] Extracting message data (256 bits needed)...
[2025-11-11 14:28:53] Message bits extracted: 256
[2025-11-11 14:28:53] Total bits processed: 288
[2025-11-11 14:28:53] Encrypted message length: 32 bytes
[2025-11-11 14:28:53] Attempting AES decryption...
[2025-11-11 14:28:53] ✓ Decryption successful
[2025-11-11 14:29:01] === EXTRACTING MESSAGE FROM IMAGE (FIXED ALGORITHM) ===
[2025-11-11 14:29:01] Image dimensions: 1752x1664, Type: 3
[2025-11-11 14:29:01] Loaded as PNG
[2025-11-11 14:29:01] Extracting header...
[2025-11-11 14:29:01] Header bits extracted: 32
[2025-11-11 14:29:01] Message length from header: 32
[2025-11-11 14:29:01] Extracting message data (256 bits needed)...
[2025-11-11 14:29:01] Message bits extracted: 256
[2025-11-11 14:29:01] Total bits processed: 288
[2025-11-11 14:29:01] Encrypted message length: 32 bytes
[2025-11-11 14:29:01] Attempting AES decryption...
[2025-11-11 14:29:01] ✓ Decryption successful
[2025-11-11 14:29:01] === EXTRACTING MESSAGE FROM IMAGE (FIXED ALGORITHM) ===
[2025-11-11 14:29:01] Image dimensions: 1752x1664, Type: 3
[2025-11-11 14:29:01] Loaded as PNG
[2025-11-11 14:29:01] Extracting header...
[2025-11-11 14:29:01] Header bits extracted: 32
[2025-11-11 14:29:01] Message length from header: 32
[2025-11-11 14:29:01] Extracting message data (256 bits needed)...
[2025-11-11 14:29:01] Message bits extracted: 256
[2025-11-11 14:29:01] Total bits processed: 288
[2025-11-11 14:29:01] Encrypted message length: 32 bytes
[2025-11-11 14:29:01] Attempting AES decryption...
[2025-11-11 14:29:01] ✓ Decryption successful
[2025-11-11 14:29:06] === EXTRACTING MESSAGE FROM IMAGE (FIXED ALGORITHM) ===
[2025-11-11 14:29:06] Image dimensions: 1752x1664, Type: 3
[2025-11-11 14:29:06] Loaded as PNG
[2025-11-11 14:29:06] Extracting header...
[2025-11-11 14:29:06] Header bits extracted: 32
[2025-11-11 14:29:06] Message length from header: 32
[2025-11-11 14:29:06] Extracting message data (256 bits needed)...
[2025-11-11 14:29:06] Message bits extracted: 256
[2025-11-11 14:29:06] Total bits processed: 288
[2025-11-11 14:29:06] Encrypted message length: 32 bytes
[2025-11-11 14:29:06] Attempting AES decryption...
[2025-11-11 14:29:06] ✓ Decryption successful
[2025-11-11 14:29:22] === EXTRACTING MESSAGE FROM IMAGE (FIXED ALGORITHM) ===
[2025-11-11 14:29:22] Image dimensions: 1752x1664, Type: 3
[2025-11-11 14:29:22] Loaded as PNG
[2025-11-11 14:29:22] Extracting header...
[2025-11-11 14:29:22] Header bits extracted: 32
[2025-11-11 14:29:22] Message length from header: 32
[2025-11-11 14:29:22] Extracting message data (256 bits needed)...
[2025-11-11 14:29:22] Message bits extracted: 256
[2025-11-11 14:29:22] Total bits processed: 288
[2025-11-11 14:29:22] Encrypted message length: 32 bytes
[2025-11-11 14:29:22] Attempting AES decryption...
[2025-11-11 14:29:22] ✓ Decryption successful
[2025-11-11 14:33:26] === EXTRACTING MESSAGE FROM IMAGE (FIXED ALGORITHM) ===
[2025-11-11 14:33:26] Image dimensions: 1752x1664, Type: 3
[2025-11-11 14:33:26] Loaded as PNG
[2025-11-11 14:33:26] Extracting header...
[2025-11-11 14:33:26] Header bits extracted: 32
[2025-11-11 14:33:26] Message length from header: 32
[2025-11-11 14:33:26] Extracting message data (256 bits needed)...
[2025-11-11 14:33:26] Message bits extracted: 256
[2025-11-11 14:33:26] Total bits processed: 288
[2025-11-11 14:33:26] Encrypted message length: 32 bytes
[2025-11-11 14:33:26] Attempting AES decryption...
[2025-11-11 14:33:26] ✓ Decryption successful
[2025-11-11 14:33:57] === EXTRACTING MESSAGE FROM IMAGE (FIXED ALGORITHM) ===
[2025-11-11 14:33:57] Image dimensions: 1752x1664, Type: 3
[2025-11-11 14:33:57] Loaded as PNG
[2025-11-11 14:33:57] Extracting header...
[2025-11-11 14:33:57] Header bits extracted: 32
[2025-11-11 14:33:57] Message length from header: 32
[2025-11-11 14:33:57] Extracting message data (256 bits needed)...
[2025-11-11 14:33:57] Message bits extracted: 256
[2025-11-11 14:33:57] Total bits processed: 288
[2025-11-11 14:33:57] Encrypted message length: 32 bytes
[2025-11-11 14:33:57] Attempting AES decryption...
[2025-11-11 14:33:57] ✓ Decryption successful
[2025-11-11 14:37:15] === EXTRACTING MESSAGE FROM IMAGE (FIXED ALGORITHM) ===
[2025-11-11 14:37:15] Image dimensions: 1752x1664, Type: 3
[2025-11-11 14:37:16] Loaded as PNG
[2025-11-11 14:37:16] Extracting header...
[2025-11-11 14:37:16] Header bits extracted: 32
[2025-11-11 14:37:16] Message length from header: 32
[2025-11-11 14:37:16] Extracting message data (256 bits needed)...
[2025-11-11 14:37:16] Message bits extracted: 256
[2025-11-11 14:37:16] Total bits processed: 288
[2025-11-11 14:37:16] Encrypted message length: 32 bytes
[2025-11-11 14:37:16] Attempting AES decryption...
[2025-11-11 14:37:16] ✓ Decryption successful
[2025-11-11 14:37:44] === EXTRACTING MESSAGE FROM IMAGE (FIXED ALGORITHM) ===
[2025-11-11 14:37:44] Image dimensions: 1752x1664, Type: 3
[2025-11-11 14:37:44] Loaded as PNG
[2025-11-11 14:37:44] Extracting header...
[2025-11-11 14:37:44] Header bits extracted: 32
[2025-11-11 14:37:44] Message length from header: 32
[2025-11-11 14:37:44] Extracting message data (256 bits needed)...
[2025-11-11 14:37:44] Message bits extracted: 256
[2025-11-11 14:37:44] Total bits processed: 288
[2025-11-11 14:37:44] Encrypted message length: 32 bytes
[2025-11-11 14:37:44] Attempting AES decryption...
[2025-11-11 14:37:44] ✓ Decryption successful
[2025-11-11 14:38:02] === EXTRACTING MESSAGE FROM IMAGE (FIXED ALGORITHM) ===
[2025-11-11 14:38:02] Image dimensions: 1752x1664, Type: 3
[2025-11-11 14:38:02] Loaded as PNG
[2025-11-11 14:38:02] Extracting header...
[2025-11-11 14:38:02] Header bits extracted: 32
[2025-11-11 14:38:02] Message length from header: 32
[2025-11-11 14:38:02] Extracting message data (256 bits needed)...
[2025-11-11 14:38:02] Message bits extracted: 256
[2025-11-11 14:38:02] Total bits processed: 288
[2025-11-11 14:38:02] Encrypted message length: 32 bytes
[2025-11-11 14:38:02] Attempting AES decryption...
[2025-11-11 14:38:02] ✓ Decryption successful
[2025-11-11 14:38:05] === EXTRACTING MESSAGE FROM IMAGE (FIXED ALGORITHM) ===
[2025-11-11 14:38:05] Image dimensions: 1752x1664, Type: 3
[2025-11-11 14:38:06] Loaded as PNG
[2025-11-11 14:38:06] Extracting header...
[2025-11-11 14:38:06] Header bits extracted: 32
[2025-11-11 14:38:06] Message length from header: 32
[2025-11-11 14:38:06] Extracting message data (256 bits needed)...
[2025-11-11 14:38:06] Message bits extracted: 256
[2025-11-11 14:38:06] Total bits processed: 288
[2025-11-11 14:38:06] Encrypted message length: 32 bytes
[2025-11-11 14:38:06] Attempting AES decryption...
[2025-11-11 14:38:06] ✓ Decryption successful
[2025-11-11 14:38:09] === EXTRACTING MESSAGE FROM IMAGE (FIXED ALGORITHM) ===
[2025-11-11 14:38:09] Image dimensions: 1752x1664, Type: 3
[2025-11-11 14:38:09] Loaded as PNG
[2025-11-11 14:38:09] Extracting header...
[2025-11-11 14:38:09] Header bits extracted: 32
[2025-11-11 14:38:09] Message length from header: 32
[2025-11-11 14:38:09] Extracting message data (256 bits needed)...
[2025-11-11 14:38:09] Message bits extracted: 256
[2025-11-11 14:38:09] Total bits processed: 288
[2025-11-11 14:38:09] Encrypted message length: 32 bytes
[2025-11-11 14:38:09] Attempting AES decryption...
[2025-11-11 14:38:09] ✓ Decryption successful
[2025-11-11 14:38:24] === EXTRACTING MESSAGE FROM IMAGE (FIXED ALGORITHM) ===
[2025-11-11 14:38:24] Image dimensions: 1752x1664, Type: 3
[2025-11-11 14:38:24] Loaded as PNG
[2025-11-11 14:38:24] Extracting header...
[2025-11-11 14:38:24] Header bits extracted: 32
[2025-11-11 14:38:24] Message length from header: 32
[2025-11-11 14:38:24] Extracting message data (256 bits needed)...
[2025-11-11 14:38:24] Message bits extracted: 256
[2025-11-11 14:38:24] Total bits processed: 288
[2025-11-11 14:38:24] Encrypted message length: 32 bytes
[2025-11-11 14:38:24] Attempting AES decryption...
[2025-11-11 14:38:24] ✓ Decryption successful
[2025-11-11 16:27:29] === EXTRACTING MESSAGE FROM IMAGE (FIXED ALGORITHM) ===
[2025-11-11 16:27:29] Image dimensions: 1752x1664, Type: 3
[2025-11-11 16:27:29] Loaded as PNG
[2025-11-11 16:27:29] Extracting header...
[2025-11-11 16:27:29] Header bits extracted: 32
[2025-11-11 16:27:29] Message length from header: 32
[2025-11-11 16:27:29] Extracting message data (256 bits needed)...
[2025-11-11 16:27:29] Message bits extracted: 256
[2025-11-11 16:27:29] Total bits processed: 288
[2025-11-11 16:27:29] Encrypted message length: 32 bytes
[2025-11-11 16:27:29] Attempting AES decryption...
[2025-11-11 16:27:29] ✓ Decryption successful
[2025-11-11 16:27:39] === EXTRACTING MESSAGE FROM IMAGE (FIXED ALGORITHM) ===
[2025-11-11 16:27:39] Image dimensions: 1752x1664, Type: 3
[2025-11-11 16:27:39] Loaded as PNG
[2025-11-11 16:27:39] Extracting header...
[2025-11-11 16:27:39] Header bits extracted: 32
[2025-11-11 16:27:39] Message length from header: 32
[2025-11-11 16:27:39] Extracting message data (256 bits needed)...
[2025-11-11 16:27:39] Message bits extracted: 256
[2025-11-11 16:27:39] Total bits processed: 288
[2025-11-11 16:27:39] Encrypted message length: 32 bytes
[2025-11-11 16:27:39] Attempting AES decryption...
[2025-11-11 16:27:39] ✓ Decryption successful
[2025-11-11 16:27:39] === EXTRACTING MESSAGE FROM IMAGE (FIXED ALGORITHM) ===
[2025-11-11 16:27:39] Image dimensions: 1752x1664, Type: 3
[2025-11-11 16:27:39] Loaded as PNG
[2025-11-11 16:27:39] Extracting header...
[2025-11-11 16:27:39] Header bits extracted: 32
[2025-11-11 16:27:39] Message length from header: 32
[2025-11-11 16:27:39] Extracting message data (256 bits needed)...
[2025-11-11 16:27:39] Message bits extracted: 256
[2025-11-11 16:27:39] Total bits processed: 288
[2025-11-11 16:27:39] Encrypted message length: 32 bytes
[2025-11-11 16:27:39] Attempting AES decryption...
[2025-11-11 16:27:39] ✓ Decryption successful
[2025-11-11 16:43:10] === EXTRACTING MESSAGE FROM IMAGE (FIXED ALGORITHM) ===
[2025-11-11 16:43:10] Image dimensions: 1752x1664, Type: 3
[2025-11-11 16:43:10] Loaded as PNG
[2025-11-11 16:43:10] Extracting header...
[2025-11-11 16:43:10] Header bits extracted: 32
[2025-11-11 16:43:10] Message length from header: 32
[2025-11-11 16:43:10] Extracting message data (256 bits needed)...
[2025-11-11 16:43:10] Message bits extracted: 256
[2025-11-11 16:43:10] Total bits processed: 288
[2025-11-11 16:43:10] Encrypted message length: 32 bytes
[2025-11-11 16:43:10] Attempting AES decryption...
[2025-11-11 16:43:10] ✓ Decryption successful
[2025-11-11 16:44:49] === EXTRACTING MESSAGE FROM IMAGE (FIXED ALGORITHM) ===
[2025-11-11 16:44:49] Image dimensions: 1752x1664, Type: 3
[2025-11-11 16:44:49] Loaded as PNG
[2025-11-11 16:44:49] Extracting header...
[2025-11-11 16:44:49] Header bits extracted: 32
[2025-11-11 16:44:49] Message length from header: 32
[2025-11-11 16:44:49] Extracting message data (256 bits needed)...
[2025-11-11 16:44:49] Message bits extracted: 256
[2025-11-11 16:44:49] Total bits processed: 288
[2025-11-11 16:44:49] Encrypted message length: 32 bytes
[2025-11-11 16:44:49] Attempting AES decryption...
[2025-11-11 16:44:49] ✓ Decryption successful
[2025-11-11 17:06:11] === EXTRACTING MESSAGE FROM IMAGE (FIXED ALGORITHM) ===
[2025-11-11 17:06:11] Image dimensions: 1248x832, Type: 3
[2025-11-11 17:06:11] Loaded as PNG
[2025-11-11 17:06:11] Extracting header...
[2025-11-11 17:06:11] Header bits extracted: 32
[2025-11-11 17:06:11] Message length from header: 32
[2025-11-11 17:06:11] Extracting message data (256 bits needed)...
[2025-11-11 17:06:11] Message bits extracted: 256
[2025-11-11 17:06:11] Total bits processed: 288
[2025-11-11 17:06:11] Encrypted message length: 32 bytes
[2025-11-11 17:06:11] Attempting AES decryption...
[2025-11-11 17:06:11] ✓ Decryption successful
[2025-11-11 17:08:42] === EXTRACTING MESSAGE FROM IMAGE (FIXED ALGORITHM) ===
[2025-11-11 17:08:42] Image dimensions: 1248x832, Type: 3
[2025-11-11 17:08:42] Loaded as PNG
[2025-11-11 17:08:42] Extracting header...
[2025-11-11 17:08:42] Header bits extracted: 32
[2025-11-11 17:08:42] Message length from header: 32
[2025-11-11 17:08:42] Extracting message data (256 bits needed)...
[2025-11-11 17:08:42] Message bits extracted: 256
[2025-11-11 17:08:42] Total bits processed: 288
[2025-11-11 17:08:42] Encrypted message length: 32 bytes
[2025-11-11 17:08:42] Attempting AES decryption...
[2025-11-11 17:08:42] ✓ Decryption successful
[2025-11-11 17:08:49] === EXTRACTING MESSAGE FROM IMAGE (FIXED ALGORITHM) ===
[2025-11-11 17:08:49] Image dimensions: 1248x832, Type: 3
[2025-11-11 17:08:49] Loaded as PNG
[2025-11-11 17:08:49] Extracting header...
[2025-11-11 17:08:49] Header bits extracted: 32
[2025-11-11 17:08:49] Message length from header: 32
[2025-11-11 17:08:49] Extracting message data (256 bits needed)...
[2025-11-11 17:08:49] Message bits extracted: 256
[2025-11-11 17:08:49] Total bits processed: 288
[2025-11-11 17:08:49] Encrypted message length: 32 bytes
[2025-11-11 17:08:49] Attempting AES decryption...
[2025-11-11 17:08:49] ✓ Decryption successful
